<?xml version="1.0" encoding="UTF-8"?>
<!-- Generated by org.testng.reporters.JUnitReportReporter -->
<testsuite hostname="DESKTOP-35Q17RE" failures="0" tests="1" name="automation.selenium.LandingPageTest" time="35.469" errors="0" timestamp="2021-12-29T16:46:02 IST" skipped="0">
  <testcase classname="automation.selenium.LandingPageTest" name="calendar" time="35.469"/>
  <system-out/>
</testsuite> <!-- automation.selenium.LandingPageTest -->
