<?xml version="1.0" encoding="UTF-8"?>
<!-- Generated by org.testng.reporters.JUnitReportReporter -->
<testsuite hostname="DESKTOP-35Q17RE" failures="0" tests="1" name="automation.selenium.Dummytest" time="0.013" errors="0" timestamp="2021-12-29T18:18:27 IST" skipped="0">
  <testcase classname="automation.selenium.Dummytest" name="mainfun" time="0.013"/>
  <system-out/>
</testsuite> <!-- automation.selenium.Dummytest -->
